<?xml version="1.0" encoding="UTF-8"?>
<!-- Generated by org.testng.reporters.JUnitReportReporter -->
<testsuite skipped="0" hostname="DESKTOP-MMNFNKN" name="TestNG.Selenium.MyFirstTest" tests="2" failures="0" timestamp="05 Oct 2020 12:09:39 GMT" time="0.016" errors="0">
  <testcase name="validateLoginforRetail" time="0.002" classname="TestNG.Selenium.MyFirstTest"/>
  <testcase name="validateLoginforBusiness" time="0.014" classname="TestNG.Selenium.MyFirstTest"/>
</testsuite> <!-- TestNG.Selenium.MyFirstTest -->
