<?xml version="1.0" encoding="UTF-8"?>
<!-- Generated by org.testng.reporters.JUnitReportReporter -->
<testsuite skipped="0" hostname="DESKTOP-MMNFNKN" name="TestNG.Selenium.MySecondTest" tests="2" failures="0" timestamp="05 Oct 2020 12:09:39 GMT" time="0.002" errors="0">
  <testcase name="validateLogoutforBusiness" time="0.001" classname="TestNG.Selenium.MySecondTest"/>
  <testcase name="validateLogOutinforRetail" time="0.001" classname="TestNG.Selenium.MySecondTest"/>
</testsuite> <!-- TestNG.Selenium.MySecondTest -->
